<?xml version="1.0" encoding="UTF-8"?>
<testng-results skipped="0" failed="0" ignored="0" total="1" passed="1">
  <reporter-output>
  </reporter-output>
  <suite name="Default suite" duration-ms="7421" started-at="2020-08-26T07:15:17Z" finished-at="2020-08-26T07:15:25Z">
    <groups>
    </groups>
    <test name="Default test" duration-ms="7421" started-at="2020-08-26T07:15:17Z" finished-at="2020-08-26T07:15:25Z">
      <class name="com.qa.hs.tests.LoginTest">
        <test-method status="PASS" signature="loginTest()[pri:0, instance:com.qa.hs.tests.LoginTest@be83e4]" name="loginTest" duration-ms="7380" started-at="2020-08-26T12:45:17Z" finished-at="2020-08-26T12:45:25Z">
          <reporter-output>
          </reporter-output>
        </test-method> <!-- loginTest -->
      </class> <!-- com.qa.hs.tests.LoginTest -->
    </test> <!-- Default test -->
  </suite> <!-- Default suite -->
</testng-results>
